<?xml version="1.0" encoding="UTF-8"?>
<testsuite xmlns:xsi="http://www.w3.org/2001/XMLSchema-instance" xsi:noNamespaceSchemaLocation="https://maven.apache.org/surefire/maven-surefire-plugin/xsd/surefire-test-report.xsd" name="com.hrboot.hrsupport.HrsupportApplicationTests" time="1.223" tests="1" errors="1" skipped="0" failures="0">
  <properties>
[...]
</properties>
  <testcase name="initializationError" classname="com.hrboot.hrsupport.HrsupportApplicationTests" time="0.014">
    <error message="Unable to find a @SpringBootConfiguration, you need to use @ContextConfiguration or @SpringBootTest(classes=...) with your test" type="java.lang.IllegalStateException">java.lang.IllegalStateException: Unable to find a @SpringBootConfiguration, you need to use @ContextConfiguration or @SpringBootTest(classes=...) with your test
</error>
    <system-out><![CDATA[10:36:59.754 [main] DEBUG org.springframework.test.context.junit4.SpringJUnit4ClassRunner - SpringJUnit4ClassRunner constructor called with [class com.hrboot.hrsupport.HrsupportApplicationTests]
10:36:59.775 [main] DEBUG org.springframework.test.context.BootstrapUtils - Instantiating CacheAwareContextLoaderDelegate from class [org.springframework.test.context.cache.DefaultCacheAwareContextLoaderDelegate]
10:36:59.808 [main] DEBUG org.springframework.test.context.BootstrapUtils - Instantiating BootstrapContext using constructor [public org.springframework.test.context.support.DefaultBootstrapContext(java.lang.Class,org.springframework.test.context.CacheAwareContextLoaderDelegate)]
10:36:59.862 [main] DEBUG org.springframework.test.context.BootstrapUtils - Instantiating TestContextBootstrapper for test class [com.hrboot.hrsupport.HrsupportApplicationTests] from class [org.springframework.boot.test.context.SpringBootTestContextBootstrapper]
10:36:59.904 [main] INFO org.springframework.boot.test.context.SpringBootTestContextBootstrapper - Neither @ContextConfiguration nor @ContextHierarchy found for test class [com.hrboot.hrsupport.HrsupportApplicationTests], using SpringBootContextLoader
10:36:59.913 [main] DEBUG org.springframework.test.context.support.AbstractContextLoader - Did not detect default resource location for test class [com.hrboot.hrsupport.HrsupportApplicationTests]: class path resource [com/hrboot/hrsupport/HrsupportApplicationTests-context.xml] does not exist
10:36:59.913 [main] DEBUG org.springframework.test.context.support.AbstractContextLoader - Did not detect default resource location for test class [com.hrboot.hrsupport.HrsupportApplicationTests]: class path resource [com/hrboot/hrsupport/HrsupportApplicationTestsContext.groovy] does not exist
10:36:59.913 [main] INFO org.springframework.test.context.support.AbstractContextLoader - Could not detect default resource locations for test class [com.hrboot.hrsupport.HrsupportApplicationTests]: no resource found for suffixes {-context.xml, Context.groovy}.
10:36:59.923 [main] INFO org.springframework.test.context.support.AnnotationConfigContextLoaderUtils - Could not detect default configuration classes for test class [com.hrboot.hrsupport.HrsupportApplicationTests]: HrsupportApplicationTests does not declare any static, non-private, non-final, nested classes annotated with @Configuration.
10:37:00.101 [main] DEBUG org.springframework.test.context.support.ActiveProfilesUtils - Could not find an 'annotation declaring class' for annotation type [org.springframework.test.context.ActiveProfiles] and class [com.hrboot.hrsupport.HrsupportApplicationTests]
]]></system-out>
  </testcase>
</testsuite>